CRITICAL - 2023-07-13 20:06:29 --> Call to a member function isValid() on null
in APPPATH\Controllers\Home.php on line 52.
 1 SYSTEMPATH\CodeIgniter.php(934): App\Controllers\Home->Adicionar()
 2 SYSTEMPATH\CodeIgniter.php(499): CodeIgniter\CodeIgniter->runController(Object(App\Controllers\Home))
 3 SYSTEMPATH\CodeIgniter.php(368): CodeIgniter\CodeIgniter->handleRequest(null, Object(Config\Cache), false)
 4 FCPATH\index.php(67): CodeIgniter\CodeIgniter->run()
CRITICAL - 2023-07-13 20:08:53 --> Call to a member function isValid() on null
in APPPATH\Controllers\Home.php on line 52.
 1 SYSTEMPATH\CodeIgniter.php(934): App\Controllers\Home->Adicionar()
 2 SYSTEMPATH\CodeIgniter.php(499): CodeIgniter\CodeIgniter->runController(Object(App\Controllers\Home))
 3 SYSTEMPATH\CodeIgniter.php(368): CodeIgniter\CodeIgniter->handleRequest(null, Object(Config\Cache), false)
 4 FCPATH\index.php(67): CodeIgniter\CodeIgniter->run()
CRITICAL - 2023-07-13 20:10:06 --> Call to a member function isValid() on null
in APPPATH\Controllers\Home.php on line 52.
 1 SYSTEMPATH\CodeIgniter.php(934): App\Controllers\Home->Adicionar()
 2 SYSTEMPATH\CodeIgniter.php(499): CodeIgniter\CodeIgniter->runController(Object(App\Controllers\Home))
 3 SYSTEMPATH\CodeIgniter.php(368): CodeIgniter\CodeIgniter->handleRequest(null, Object(Config\Cache), false)
 4 FCPATH\index.php(67): CodeIgniter\CodeIgniter->run()
ERROR - 2023-07-13 20:54:17 --> mysqli_sql_exception: Unknown column 'jantes.deleted_at' in 'where clause' in C:\xampp\htdocs\codeigniter4-framework_Facul\Vendas_de_Pecas_usadas\system\Database\MySQLi\Connection.php:295
Stack trace:
#0 C:\xampp\htdocs\codeigniter4-framework_Facul\Vendas_de_Pecas_usadas\system\Database\MySQLi\Connection.php(295): mysqli->query('SELECT *\nFROM `...', 0)
#1 C:\xampp\htdocs\codeigniter4-framework_Facul\Vendas_de_Pecas_usadas\system\Database\BaseConnection.php(692): CodeIgniter\Database\MySQLi\Connection->execute('SELECT *\nFROM `...')
#2 C:\xampp\htdocs\codeigniter4-framework_Facul\Vendas_de_Pecas_usadas\system\Database\BaseConnection.php(606): CodeIgniter\Database\BaseConnection->simpleQuery('SELECT *\nFROM `...')
#3 C:\xampp\htdocs\codeigniter4-framework_Facul\Vendas_de_Pecas_usadas\system\Database\BaseBuilder.php(1616): CodeIgniter\Database\BaseConnection->query('SELECT *\nFROM `...', Array, false)
#4 C:\xampp\htdocs\codeigniter4-framework_Facul\Vendas_de_Pecas_usadas\system\Model.php(241): CodeIgniter\Database\BaseBuilder->get()
#5 C:\xampp\htdocs\codeigniter4-framework_Facul\Vendas_de_Pecas_usadas\system\BaseModel.php(618): CodeIgniter\Model->doFindAll(0, 0)
#6 C:\xampp\htdocs\codeigniter4-framework_Facul\Vendas_de_Pecas_usadas\app\Controllers\Home.php(28): CodeIgniter\BaseModel->findAll()
#7 C:\xampp\htdocs\codeigniter4-framework_Facul\Vendas_de_Pecas_usadas\system\CodeIgniter.php(934): App\Controllers\Home->jantes()
#8 C:\xampp\htdocs\codeigniter4-framework_Facul\Vendas_de_Pecas_usadas\system\CodeIgniter.php(499): CodeIgniter\CodeIgniter->runController(Object(App\Controllers\Home))
#9 C:\xampp\htdocs\codeigniter4-framework_Facul\Vendas_de_Pecas_usadas\system\CodeIgniter.php(368): CodeIgniter\CodeIgniter->handleRequest(NULL, Object(Config\Cache), false)
#10 C:\xampp\htdocs\codeigniter4-framework_Facul\Vendas_de_Pecas_usadas\public\index.php(67): CodeIgniter\CodeIgniter->run()
#11 {main}
CRITICAL - 2023-07-13 20:54:17 --> Unknown column 'jantes.deleted_at' in 'where clause'
in SYSTEMPATH\Database\MySQLi\Connection.php on line 295.
 1 SYSTEMPATH\Database\MySQLi\Connection.php(295): mysqli->query('SELECT *
FROM `jantes`
WHERE `jantes`.`deleted_at` IS NULL', 0)
 2 SYSTEMPATH\Database\BaseConnection.php(692): CodeIgniter\Database\MySQLi\Connection->execute('SELECT *
FROM `jantes`
WHERE `jantes`.`deleted_at` IS NULL')
 3 SYSTEMPATH\Database\BaseConnection.php(606): CodeIgniter\Database\BaseConnection->simpleQuery('SELECT *
FROM `jantes`
WHERE `jantes`.`deleted_at` IS NULL')
 4 SYSTEMPATH\Database\BaseBuilder.php(1616): CodeIgniter\Database\BaseConnection->query('SELECT *
FROM `jantes`
WHERE `jantes`.`deleted_at` IS NULL', [], false)
 5 SYSTEMPATH\Model.php(241): CodeIgniter\Database\BaseBuilder->get()
 6 SYSTEMPATH\BaseModel.php(618): CodeIgniter\Model->doFindAll(0, 0)
 7 APPPATH\Controllers\Home.php(28): CodeIgniter\BaseModel->findAll()
 8 SYSTEMPATH\CodeIgniter.php(934): App\Controllers\Home->jantes()
 9 SYSTEMPATH\CodeIgniter.php(499): CodeIgniter\CodeIgniter->runController(Object(App\Controllers\Home))
10 SYSTEMPATH\CodeIgniter.php(368): CodeIgniter\CodeIgniter->handleRequest(null, Object(Config\Cache), false)
11 FCPATH\index.php(67): CodeIgniter\CodeIgniter->run()
ERROR - 2023-07-13 20:55:30 --> mysqli_sql_exception: Unknown column 'jantes.deleted_at' in 'where clause' in C:\xampp\htdocs\codeigniter4-framework_Facul\Vendas_de_Pecas_usadas\system\Database\MySQLi\Connection.php:295
Stack trace:
#0 C:\xampp\htdocs\codeigniter4-framework_Facul\Vendas_de_Pecas_usadas\system\Database\MySQLi\Connection.php(295): mysqli->query('SELECT *\nFROM `...', 0)
#1 C:\xampp\htdocs\codeigniter4-framework_Facul\Vendas_de_Pecas_usadas\system\Database\BaseConnection.php(692): CodeIgniter\Database\MySQLi\Connection->execute('SELECT *\nFROM `...')
#2 C:\xampp\htdocs\codeigniter4-framework_Facul\Vendas_de_Pecas_usadas\system\Database\BaseConnection.php(606): CodeIgniter\Database\BaseConnection->simpleQuery('SELECT *\nFROM `...')
#3 C:\xampp\htdocs\codeigniter4-framework_Facul\Vendas_de_Pecas_usadas\system\Database\BaseBuilder.php(1616): CodeIgniter\Database\BaseConnection->query('SELECT *\nFROM `...', Array, false)
#4 C:\xampp\htdocs\codeigniter4-framework_Facul\Vendas_de_Pecas_usadas\system\Model.php(241): CodeIgniter\Database\BaseBuilder->get()
#5 C:\xampp\htdocs\codeigniter4-framework_Facul\Vendas_de_Pecas_usadas\system\BaseModel.php(618): CodeIgniter\Model->doFindAll(0, 0)
#6 C:\xampp\htdocs\codeigniter4-framework_Facul\Vendas_de_Pecas_usadas\app\Controllers\Home.php(28): CodeIgniter\BaseModel->findAll()
#7 C:\xampp\htdocs\codeigniter4-framework_Facul\Vendas_de_Pecas_usadas\system\CodeIgniter.php(934): App\Controllers\Home->jantes()
#8 C:\xampp\htdocs\codeigniter4-framework_Facul\Vendas_de_Pecas_usadas\system\CodeIgniter.php(499): CodeIgniter\CodeIgniter->runController(Object(App\Controllers\Home))
#9 C:\xampp\htdocs\codeigniter4-framework_Facul\Vendas_de_Pecas_usadas\system\CodeIgniter.php(368): CodeIgniter\CodeIgniter->handleRequest(NULL, Object(Config\Cache), false)
#10 C:\xampp\htdocs\codeigniter4-framework_Facul\Vendas_de_Pecas_usadas\public\index.php(67): CodeIgniter\CodeIgniter->run()
#11 {main}
CRITICAL - 2023-07-13 20:55:30 --> Unknown column 'jantes.deleted_at' in 'where clause'
in SYSTEMPATH\Database\MySQLi\Connection.php on line 295.
 1 SYSTEMPATH\Database\MySQLi\Connection.php(295): mysqli->query('SELECT *
FROM `jantes`
WHERE `jantes`.`deleted_at` IS NULL', 0)
 2 SYSTEMPATH\Database\BaseConnection.php(692): CodeIgniter\Database\MySQLi\Connection->execute('SELECT *
FROM `jantes`
WHERE `jantes`.`deleted_at` IS NULL')
 3 SYSTEMPATH\Database\BaseConnection.php(606): CodeIgniter\Database\BaseConnection->simpleQuery('SELECT *
FROM `jantes`
WHERE `jantes`.`deleted_at` IS NULL')
 4 SYSTEMPATH\Database\BaseBuilder.php(1616): CodeIgniter\Database\BaseConnection->query('SELECT *
FROM `jantes`
WHERE `jantes`.`deleted_at` IS NULL', [], false)
 5 SYSTEMPATH\Model.php(241): CodeIgniter\Database\BaseBuilder->get()
 6 SYSTEMPATH\BaseModel.php(618): CodeIgniter\Model->doFindAll(0, 0)
 7 APPPATH\Controllers\Home.php(28): CodeIgniter\BaseModel->findAll()
 8 SYSTEMPATH\CodeIgniter.php(934): App\Controllers\Home->jantes()
 9 SYSTEMPATH\CodeIgniter.php(499): CodeIgniter\CodeIgniter->runController(Object(App\Controllers\Home))
10 SYSTEMPATH\CodeIgniter.php(368): CodeIgniter\CodeIgniter->handleRequest(null, Object(Config\Cache), false)
11 FCPATH\index.php(67): CodeIgniter\CodeIgniter->run()
ERROR - 2023-07-13 20:56:12 --> mysqli_sql_exception: Unknown column 'jantes.deleted_at' in 'where clause' in C:\xampp\htdocs\codeigniter4-framework_Facul\Vendas_de_Pecas_usadas\system\Database\MySQLi\Connection.php:295
Stack trace:
#0 C:\xampp\htdocs\codeigniter4-framework_Facul\Vendas_de_Pecas_usadas\system\Database\MySQLi\Connection.php(295): mysqli->query('SELECT *\nFROM `...', 0)
#1 C:\xampp\htdocs\codeigniter4-framework_Facul\Vendas_de_Pecas_usadas\system\Database\BaseConnection.php(692): CodeIgniter\Database\MySQLi\Connection->execute('SELECT *\nFROM `...')
#2 C:\xampp\htdocs\codeigniter4-framework_Facul\Vendas_de_Pecas_usadas\system\Database\BaseConnection.php(606): CodeIgniter\Database\BaseConnection->simpleQuery('SELECT *\nFROM `...')
#3 C:\xampp\htdocs\codeigniter4-framework_Facul\Vendas_de_Pecas_usadas\system\Database\BaseBuilder.php(1616): CodeIgniter\Database\BaseConnection->query('SELECT *\nFROM `...', Array, false)
#4 C:\xampp\htdocs\codeigniter4-framework_Facul\Vendas_de_Pecas_usadas\system\Model.php(241): CodeIgniter\Database\BaseBuilder->get()
#5 C:\xampp\htdocs\codeigniter4-framework_Facul\Vendas_de_Pecas_usadas\system\BaseModel.php(618): CodeIgniter\Model->doFindAll(0, 0)
#6 C:\xampp\htdocs\codeigniter4-framework_Facul\Vendas_de_Pecas_usadas\app\Controllers\Home.php(28): CodeIgniter\BaseModel->findAll()
#7 C:\xampp\htdocs\codeigniter4-framework_Facul\Vendas_de_Pecas_usadas\system\CodeIgniter.php(934): App\Controllers\Home->jantes()
#8 C:\xampp\htdocs\codeigniter4-framework_Facul\Vendas_de_Pecas_usadas\system\CodeIgniter.php(499): CodeIgniter\CodeIgniter->runController(Object(App\Controllers\Home))
#9 C:\xampp\htdocs\codeigniter4-framework_Facul\Vendas_de_Pecas_usadas\system\CodeIgniter.php(368): CodeIgniter\CodeIgniter->handleRequest(NULL, Object(Config\Cache), false)
#10 C:\xampp\htdocs\codeigniter4-framework_Facul\Vendas_de_Pecas_usadas\public\index.php(67): CodeIgniter\CodeIgniter->run()
#11 {main}
CRITICAL - 2023-07-13 20:56:12 --> Unknown column 'jantes.deleted_at' in 'where clause'
in SYSTEMPATH\Database\MySQLi\Connection.php on line 295.
 1 SYSTEMPATH\Database\MySQLi\Connection.php(295): mysqli->query('SELECT *
FROM `jantes`
WHERE `jantes`.`deleted_at` IS NULL', 0)
 2 SYSTEMPATH\Database\BaseConnection.php(692): CodeIgniter\Database\MySQLi\Connection->execute('SELECT *
FROM `jantes`
WHERE `jantes`.`deleted_at` IS NULL')
 3 SYSTEMPATH\Database\BaseConnection.php(606): CodeIgniter\Database\BaseConnection->simpleQuery('SELECT *
FROM `jantes`
WHERE `jantes`.`deleted_at` IS NULL')
 4 SYSTEMPATH\Database\BaseBuilder.php(1616): CodeIgniter\Database\BaseConnection->query('SELECT *
FROM `jantes`
WHERE `jantes`.`deleted_at` IS NULL', [], false)
 5 SYSTEMPATH\Model.php(241): CodeIgniter\Database\BaseBuilder->get()
 6 SYSTEMPATH\BaseModel.php(618): CodeIgniter\Model->doFindAll(0, 0)
 7 APPPATH\Controllers\Home.php(28): CodeIgniter\BaseModel->findAll()
 8 SYSTEMPATH\CodeIgniter.php(934): App\Controllers\Home->jantes()
 9 SYSTEMPATH\CodeIgniter.php(499): CodeIgniter\CodeIgniter->runController(Object(App\Controllers\Home))
10 SYSTEMPATH\CodeIgniter.php(368): CodeIgniter\CodeIgniter->handleRequest(null, Object(Config\Cache), false)
11 FCPATH\index.php(67): CodeIgniter\CodeIgniter->run()
CRITICAL - 2023-07-13 21:08:39 --> Undefined property: stdClass::$image
in APPPATH\Views\jantes.php on line 27.
 1 APPPATH\Views\jantes.php(27): CodeIgniter\Debug\Exceptions->errorHandler(2, 'Undefined property: stdClass::$image', 'C:\\xampp\\htdocs\\codeigniter4-framework_Facul\\Vendas_de_Pecas_usadas\\app\\Views\\jantes.php', 27)
 2 SYSTEMPATH\View\View.php(213): include('C:\\xampp\\htdocs\\codeigniter4-framework_Facul\\Vendas_de_Pecas_usadas\\app\\Views\\jantes.php')
 3 SYSTEMPATH\View\View.php(216): CodeIgniter\View\View->CodeIgniter\View\{closure}()
 4 SYSTEMPATH\Common.php(1184): CodeIgniter\View\View->render('jantes', [], true)
 5 APPPATH\Controllers\Home.php(33): view('jantes', [...])
 6 SYSTEMPATH\CodeIgniter.php(934): App\Controllers\Home->jantes()
 7 SYSTEMPATH\CodeIgniter.php(499): CodeIgniter\CodeIgniter->runController(Object(App\Controllers\Home))
 8 SYSTEMPATH\CodeIgniter.php(368): CodeIgniter\CodeIgniter->handleRequest(null, Object(Config\Cache), false)
 9 FCPATH\index.php(67): CodeIgniter\CodeIgniter->run()
CRITICAL - 2023-07-13 21:10:26 --> Undefined property: stdClass::$image
in APPPATH\Views\jantes.php on line 27.
 1 APPPATH\Views\jantes.php(27): CodeIgniter\Debug\Exceptions->errorHandler(2, 'Undefined property: stdClass::$image', 'C:\\xampp\\htdocs\\codeigniter4-framework_Facul\\Vendas_de_Pecas_usadas\\app\\Views\\jantes.php', 27)
 2 SYSTEMPATH\View\View.php(213): include('C:\\xampp\\htdocs\\codeigniter4-framework_Facul\\Vendas_de_Pecas_usadas\\app\\Views\\jantes.php')
 3 SYSTEMPATH\View\View.php(216): CodeIgniter\View\View->CodeIgniter\View\{closure}()
 4 SYSTEMPATH\Common.php(1184): CodeIgniter\View\View->render('jantes', [], true)
 5 APPPATH\Controllers\Home.php(33): view('jantes', [...])
 6 SYSTEMPATH\CodeIgniter.php(934): App\Controllers\Home->jantes()
 7 SYSTEMPATH\CodeIgniter.php(499): CodeIgniter\CodeIgniter->runController(Object(App\Controllers\Home))
 8 SYSTEMPATH\CodeIgniter.php(368): CodeIgniter\CodeIgniter->handleRequest(null, Object(Config\Cache), false)
 9 FCPATH\index.php(67): CodeIgniter\CodeIgniter->run()
CRITICAL - 2023-07-13 21:16:58 --> Call to a member function isValid() on null
in APPPATH\Controllers\Home.php on line 55.
 1 SYSTEMPATH\CodeIgniter.php(934): App\Controllers\Home->adicionar()
 2 SYSTEMPATH\CodeIgniter.php(499): CodeIgniter\CodeIgniter->runController(Object(App\Controllers\Home))
 3 SYSTEMPATH\CodeIgniter.php(368): CodeIgniter\CodeIgniter->handleRequest(null, Object(Config\Cache), false)
 4 FCPATH\index.php(67): CodeIgniter\CodeIgniter->run()
CRITICAL - 2023-07-13 21:20:19 --> Call to a member function isValid() on null
in APPPATH\Controllers\Home.php on line 55.
 1 SYSTEMPATH\CodeIgniter.php(934): App\Controllers\Home->adicionar()
 2 SYSTEMPATH\CodeIgniter.php(499): CodeIgniter\CodeIgniter->runController(Object(App\Controllers\Home))
 3 SYSTEMPATH\CodeIgniter.php(368): CodeIgniter\CodeIgniter->handleRequest(null, Object(Config\Cache), false)
 4 FCPATH\index.php(67): CodeIgniter\CodeIgniter->run()
